# JRE version: Java(TM) SE Runtime Environment (8.0-b129) (build 1.8.0-b129)
# Java VM: Java HotSpot(TM) 64-Bit Server VM (25.0-b69 mixed mode bsd-amd64 compressed oops)
Heap:
 PSYoungGen      total 199168K, used 71912K [0x000000076ab00000, 0x000000077a300000, 0x00000007c0000000)
  eden space 143360K, 46% used [0x000000076ab00000,0x000000076ec252e8,0x0000000773700000)
  from space 55808K, 9% used [0x0000000773700000,0x0000000773c15068,0x0000000776d80000)
  to   space 54784K, 0% used [0x0000000776d80000,0x0000000776d80000,0x000000077a300000)
 ParOldGen       total 154624K, used 109786K [0x00000006c0000000, 0x00000006c9700000, 0x000000076ab00000)
  object space 154624K, 71% used [0x00000006c0000000,0x00000006c6b368e0,0x00000006c9700000)
 Metaspace       used 190610K, capacity 202658K, committed 204672K, reserved 1224704K
  class space    used 24723K, capacity 28359K, committed 28800K, reserved 1048576K
GC Heap History (10 events):
Event: 6109.425 GC heap before
{Heap before GC invocations=118 (full 18):
 PSYoungGen      total 202240K, used 144626K [0x000000076ab00000, 0x000000077ae00000, 0x00000007c0000000)
  eden space 140288K, 100% used [0x000000076ab00000,0x0000000773400000,0x0000000773400000)
  from space 61952K, 7% used [0x0000000773400000,0x000000077383cba0,0x0000000777080000)
  to   space 61440K, 0% used [0x0000000777200000,0x0000000777200000,0x000000077ae00000)
 ParOldGen       total 154624K, used 101761K [0x00000006c0000000, 0x00000006c9700000, 0x000000076ab00000)
  object space 154624K, 65% used [0x00000006c0000000,0x00000006c63606b8,0x00000006c9700000)
 Metaspace       used 187808K, capacity 199118K, committed 201728K, reserved 1222656K
  class space    used 24326K, capacity 27650K, committed 28160K, reserved 1048576K
Event: 6109.431 GC heap after
Heap after GC invocations=118 (full 18):
 PSYoungGen      total 200704K, used 7408K [0x000000076ab00000, 0x000000077ab80000, 0x00000007c0000000)
  eden space 141824K, 0% used [0x000000076ab00000,0x000000076ab00000,0x0000000773580000)
  from space 58880K, 12% used [0x0000000777200000,0x000000077793c140,0x000000077ab80000)
  to   space 60416K, 0% used [0x0000000773580000,0x0000000773580000,0x0000000777080000)
 ParOldGen       total 154624K, used 101761K [0x00000006c0000000, 0x00000006c9700000, 0x000000076ab00000)
  object space 154624K, 65% used [0x00000006c0000000,0x00000006c63606b8,0x00000006c9700000)
 Metaspace       used 187808K, capacity 199118K, committed 201728K, reserved 1222656K
  class space    used 24326K, capacity 27650K, committed 28160K, reserved 1048576K
}
Event: 6392.677 GC heap before
{Heap before GC invocations=119 (full 18):
 PSYoungGen      total 200704K, used 149232K [0x000000076ab00000, 0x000000077ab80000, 0x00000007c0000000)
  eden space 141824K, 100% used [0x000000076ab00000,0x0000000773580000,0x0000000773580000)
  from space 58880K, 12% used [0x0000000777200000,0x000000077793c140,0x000000077ab80000)
  to   space 60416K, 0% used [0x0000000773580000,0x0000000773580000,0x0000000777080000)
 ParOldGen       total 154624K, used 101761K [0x00000006c0000000, 0x00000006c9700000, 0x000000076ab00000)
  object space 154624K, 65% used [0x00000006c0000000,0x00000006c63606b8,0x00000006c9700000)
 Metaspace       used 188766K, capacity 200364K, committed 202752K, reserved 1224704K
  class space    used 24463K, capacity 27899K, committed 28416K, reserved 1048576K
Event: 6392.683 GC heap after
Heap after GC invocations=119 (full 18):
 PSYoungGen      total 151552K, used 9331K [0x000000076ab00000, 0x000000077a900000, 0x00000007c0000000)
  eden space 141824K, 0% used [0x000000076ab00000,0x000000076ab00000,0x0000000773580000)
  from space 9728K, 95% used [0x0000000773580000,0x0000000773e9ccc0,0x0000000773f00000)
  to   space 58368K, 0% used [0x0000000777000000,0x0000000777000000,0x000000077a900000)
 ParOldGen       total 154624K, used 101761K [0x00000006c0000000, 0x00000006c9700000, 0x000000076ab00000)
  object space 154624K, 65% used [0x00000006c0000000,0x00000006c63606b8,0x00000006c9700000)
 Metaspace       used 188766K, capacity 200364K, committed 202752K, reserved 1224704K
  class space    used 24463K, capacity 27899K, committed 28416K, reserved 1048576K
}
Event: 6393.026 GC heap before
{Heap before GC invocations=120 (full 18):
 PSYoungGen      total 151552K, used 124606K [0x000000076ab00000, 0x000000077a900000, 0x00000007c0000000)
  eden space 141824K, 81% used [0x000000076ab00000,0x0000000771b92c48,0x0000000773580000)
  from space 9728K, 95% used [0x0000000773580000,0x0000000773e9ccc0,0x0000000773f00000)
  to   space 58368K, 0% used [0x0000000777000000,0x0000000777000000,0x000000077a900000)
 ParOldGen       total 154624K, used 101761K [0x00000006c0000000, 0x00000006c9700000, 0x000000076ab00000)
  object space 154624K, 65% used [0x00000006c0000000,0x00000006c63606b8,0x00000006c9700000)
 Metaspace       used 189633K, capacity 201412K, committed 203648K, reserved 1224704K
  class space    used 24586K, capacity 28110K, committed 28544K, reserved 1048576K
Event: 6393.033 GC heap after
Heap after GC invocations=120 (full 18):
 PSYoungGen      total 196608K, used 11619K [0x000000076ab00000, 0x000000077a400000, 0x00000007c0000000)
  eden space 143360K, 0% used [0x000000076ab00000,0x000000076ab00000,0x0000000773700000)
  from space 53248K, 21% used [0x0000000777000000,0x0000000777b58d80,0x000000077a400000)
  to   space 55808K, 0% used [0x0000000773700000,0x0000000773700000,0x0000000776d80000)
 ParOldGen       total 154624K, used 101769K [0x00000006c0000000, 0x00000006c9700000, 0x000000076ab00000)
  object space 154624K, 65% used [0x00000006c0000000,0x00000006c63626b8,0x00000006c9700000)
 Metaspace       used 189633K, capacity 201412K, committed 203648K, reserved 1224704K
  class space    used 24586K, capacity 28110K, committed 28544K, reserved 1048576K
}
Event: 6393.033 GC heap before
{Heap before GC invocations=121 (full 19):
 PSYoungGen      total 196608K, used 11619K [0x000000076ab00000, 0x000000077a400000, 0x00000007c0000000)
  eden space 143360K, 0% used [0x000000076ab00000,0x000000076ab00000,0x0000000773700000)
  from space 53248K, 21% used [0x0000000777000000,0x0000000777b58d80,0x000000077a400000)
  to   space 55808K, 0% used [0x0000000773700000,0x0000000773700000,0x0000000776d80000)
 ParOldGen       total 154624K, used 101769K [0x00000006c0000000, 0x00000006c9700000, 0x000000076ab00000)
  object space 154624K, 65% used [0x00000006c0000000,0x00000006c63626b8,0x00000006c9700000)
 Metaspace       used 189633K, capacity 201412K, committed 203648K, reserved 1224704K
  class space    used 24586K, capacity 28110K, committed 28544K, reserved 1048576K
Event: 6393.528 GC heap after
Heap after GC invocations=121 (full 19):
 PSYoungGen      total 196608K, used 0K [0x000000076ab00000, 0x000000077a400000, 0x00000007c0000000)
  eden space 143360K, 0% used [0x000000076ab00000,0x000000076ab00000,0x0000000773700000)
  from space 53248K, 0% used [0x0000000777000000,0x0000000777000000,0x000000077a400000)
  to   space 55808K, 0% used [0x0000000773700000,0x0000000773700000,0x0000000776d80000)
 ParOldGen       total 154624K, used 109778K [0x00000006c0000000, 0x00000006c9700000, 0x000000076ab00000)
  object space 154624K, 70% used [0x00000006c0000000,0x00000006c6b348e0,0x00000006c9700000)
 Metaspace       used 189633K, capacity 201412K, committed 203648K, reserved 1224704K
  class space    used 24586K, capacity 28110K, committed 28544K, reserved 1048576K
}
Event: 6407.430 GC heap before
{Heap before GC invocations=122 (full 19):
 PSYoungGen      total 196608K, used 143360K [0x000000076ab00000, 0x000000077a400000, 0x00000007c0000000)
  eden space 143360K, 100% used [0x000000076ab00000,0x0000000773700000,0x0000000773700000)
  from space 53248K, 0% used [0x0000000777000000,0x0000000777000000,0x000000077a400000)
  to   space 55808K, 0% used [0x0000000773700000,0x0000000773700000,0x0000000776d80000)
 ParOldGen       total 154624K, used 109778K [0x00000006c0000000, 0x00000006c9700000, 0x000000076ab00000)
  object space 154624K, 70% used [0x00000006c0000000,0x00000006c6b348e0,0x00000006c9700000)
 Metaspace       used 189746K, capacity 201610K, committed 203648K, reserved 1224704K
  class space    used 24600K, capacity 28148K, committed 28544K, reserved 1048576K
Event: 6407.437 GC heap after
Heap after GC invocations=122 (full 19):
 PSYoungGen      total 199168K, used 5204K [0x000000076ab00000, 0x000000077a300000, 0x00000007c0000000)
  eden space 143360K, 0% used [0x000000076ab00000,0x000000076ab00000,0x0000000773700000)
  from space 55808K, 9% used [0x0000000773700000,0x0000000773c15068,0x0000000776d80000)
  to   space 54784K, 0% used [0x0000000776d80000,0x0000000776d80000,0x000000077a300000)
 ParOldGen       total 154624K, used 109786K [0x00000006c0000000, 0x00000006c9700000, 0x000000076ab00000)
  object space 154624K, 71% used [0x00000006c0000000,0x00000006c6b368e0,0x00000006c9700000)
 Metaspace       used 189746K, capacity 201610K, committed 203648K, reserved 1224704K
  class space    used 24600K, capacity 28148K, committed 28544K, reserved 1048576K
}

